#! /usr/bin/vvp
:ivl_version "10.3 (stable)";
:ivl_delay_selection "TYPICAL";
:vpi_time_precision + 0;
:vpi_module "system";
:vpi_module "vhdl_sys";
:vpi_module "v2005_math";
:vpi_module "va_math";
:vpi_module "v2009";
S_0x559e7b865ec0 .scope module, "lfsr_tb" "lfsr_tb" 2 6;
 .timescale 0 0;
P_0x559e7b876ba0 .param/l "LFSR_POLYNOMIAL" 0 2 17, C4<10100000000>;
P_0x559e7b876be0 .param/l "LFSR_SEED" 0 2 18, C4<11011011011>;
P_0x559e7b876c20 .param/l "LFSR_WIDTH" 0 2 16, +C4<00000000000000000000000000001011>;
v0x559e7b89d000_0 .var "clk", 0 0;
v0x559e7b89d0c0_0 .net "dout", 0 0, L_0x559e7b8a0e80;  1 drivers
v0x559e7b89d180_0 .var "en", 0 0;
v0x559e7b89d250_0 .var "ld", 0 0;
v0x559e7b89d320_0 .var "reset_n", 0 0;
v0x559e7b89d3c0_0 .var "seed", 10 0;
v0x559e7b89d460_0 .var "seed_next", 0 0;
v0x559e7b89d500_0 .var "seed_sync", 10 0;
E_0x559e7b8444d0 .event posedge, v0x559e7b85c510_0;
S_0x559e7b86dcc0 .scope begin, "$ivl_for_loop1" "$ivl_for_loop1" 2 88, 2 88 0, S_0x559e7b865ec0;
 .timescale 0 0;
v0x559e7b85ef10_0 .var/2s "i", 31 0;
S_0x559e7b891720 .scope module, "i_lfsr" "lfsr" 2 25, 3 7 0, S_0x559e7b865ec0;
 .timescale 0 0;
    .port_info 0 /INPUT 1 "clk"
    .port_info 1 /INPUT 1 "reset_n"
    .port_info 2 /INPUT 1 "ld"
    .port_info 3 /INPUT 1 "en"
    .port_info 4 /OUTPUT 1 "dout"
P_0x559e7b891910 .param/l "IDLE" 1 3 24, C4<00>;
P_0x559e7b891950 .param/l "LFSR_LOAD" 1 3 25, C4<01>;
P_0x559e7b891990 .param/l "LFSR_OPERATION" 1 3 26, C4<10>;
P_0x559e7b8919d0 .param/l "LFSR_POLYNOMIAL" 0 3 19, C4<10100000000>;
P_0x559e7b891a10 .param/l "LFSR_SEED" 0 3 21, C4<11011011011>;
P_0x559e7b891a50 .param/l "LFSR_WIDTH" 0 3 17, +C4<00000000000000000000000000001011>;
L_0x7faedb796b58 .functor BUFT 1, C4<01>, C4<0>, C4<0>, C4<0>;
v0x559e7b89c5e0_0 .net/2u *"_s30", 1 0, L_0x7faedb796b58;  1 drivers
v0x559e7b89c6e0_0 .net *"_s32", 0 0, L_0x559e7b8a06d0;  1 drivers
L_0x7faedb796ba0 .functor BUFT 1, C4<1>, C4<0>, C4<0>, C4<0>;
v0x559e7b89c7a0_0 .net/2u *"_s34", 0 0, L_0x7faedb796ba0;  1 drivers
L_0x7faedb796be8 .functor BUFT 1, C4<0>, C4<0>, C4<0>, C4<0>;
v0x559e7b89c860_0 .net/2u *"_s36", 0 0, L_0x7faedb796be8;  1 drivers
v0x559e7b89c940_0 .net "clk", 0 0, v0x559e7b89d000_0;  1 drivers
v0x559e7b89ca30_0 .net "d_ff", 10 0, L_0x559e7b8a0a00;  1 drivers
v0x559e7b89cb10_0 .net "dout", 0 0, L_0x559e7b8a0e80;  alias, 1 drivers
v0x559e7b89cbd0_0 .net "en", 0 0, v0x559e7b89d180_0;  1 drivers
v0x559e7b89cc70_0 .var "feedback", 0 0;
v0x559e7b89cd10_0 .net "ld", 0 0, v0x559e7b89d250_0;  1 drivers
v0x559e7b89cdb0_0 .net "reset_n", 0 0, v0x559e7b89d320_0;  1 drivers
v0x559e7b89ce50_0 .var "state", 1 0;
L_0x559e7b89d9b0 .part L_0x559e7b8a0a00, 0, 1;
L_0x559e7b89de30 .part L_0x559e7b8a0a00, 1, 1;
L_0x559e7b89e210 .part L_0x559e7b8a0a00, 2, 1;
L_0x559e7b89e5d0 .part L_0x559e7b8a0a00, 3, 1;
L_0x559e7b89ead0 .part L_0x559e7b8a0a00, 4, 1;
L_0x559e7b89eee0 .part L_0x559e7b8a0a00, 5, 1;
L_0x559e7b89f300 .part L_0x559e7b8a0a00, 6, 1;
L_0x559e7b89f890 .part L_0x559e7b8a0a00, 7, 1;
L_0x559e7b8a0080 .part L_0x559e7b8a0a00, 8, 1;
L_0x559e7b8a0500 .part L_0x559e7b8a0a00, 9, 1;
L_0x559e7b8a06d0 .cmp/eq 2, v0x559e7b89ce50_0, L_0x7faedb796b58;
L_0x559e7b8a07d0 .functor MUXZ 1, L_0x7faedb796be8, L_0x7faedb796ba0, L_0x559e7b8a06d0, C4<>;
LS_0x559e7b8a0a00_0_0 .concat8 [ 1 1 1 1], v0x559e7b89c020_0, v0x559e7b859b10_0, v0x559e7b893390_0, v0x559e7b8943b0_0;
LS_0x559e7b8a0a00_0_4 .concat8 [ 1 1 1 1], v0x559e7b895420_0, v0x559e7b8963e0_0, v0x559e7b8972b0_0, v0x559e7b898270_0;
LS_0x559e7b8a0a00_0_8 .concat8 [ 1 1 1 0], v0x559e7b899210_0, v0x559e7b89a200_0, v0x559e7b89b300_0;
L_0x559e7b8a0a00 .concat8 [ 4 4 3 0], LS_0x559e7b8a0a00_0_0, LS_0x559e7b8a0a00_0_4, LS_0x559e7b8a0a00_0_8;
L_0x559e7b8a0e80 .part L_0x559e7b8a0a00, 10, 1;
S_0x559e7b891d80 .scope begin, "$ivl_for_loop0" "$ivl_for_loop0" 3 46, 3 46 0, S_0x559e7b891720;
 .timescale 0 0;
v0x559e7b85c410_0 .var/2s "i", 31 0;
S_0x559e7b891fd0 .scope generate, "gen_lfsr_node_inst[1]" "gen_lfsr_node_inst[1]" 3 93, 3 93 0, S_0x559e7b891720;
 .timescale 0 0;
P_0x559e7b8921e0 .param/l "i" 0 3 93, +C4<01>;
L_0x7faedb796018 .functor BUFT 1, C4<01>, C4<0>, C4<0>, C4<0>;
v0x559e7b892970_0 .net/2u *"_s0", 1 0, L_0x7faedb796018;  1 drivers
v0x559e7b892a70_0 .net *"_s2", 0 0, L_0x559e7b89d640;  1 drivers
L_0x7faedb796060 .functor BUFT 1, C4<1>, C4<0>, C4<0>, C4<0>;
v0x559e7b892b30_0 .net/2u *"_s4", 0 0, L_0x7faedb796060;  1 drivers
L_0x7faedb7960a8 .functor BUFT 1, C4<0>, C4<0>, C4<0>, C4<0>;
v0x559e7b892bf0_0 .net/2u *"_s6", 0 0, L_0x7faedb7960a8;  1 drivers
L_0x559e7b89d640 .cmp/eq 2, v0x559e7b89ce50_0, L_0x7faedb796018;
L_0x559e7b89d7f0 .functor MUXZ 1, L_0x7faedb7960a8, L_0x7faedb796060, L_0x559e7b89d640, C4<>;
S_0x559e7b8922a0 .scope module, "i_lfsr_node" "lfsr_node" 3 95, 4 6 0, S_0x559e7b891fd0;
 .timescale 0 0;
    .port_info 0 /INPUT 1 "clk"
    .port_info 1 /INPUT 1 "reset_n"
    .port_info 2 /INPUT 1 "ld"
    .port_info 3 /INPUT 1 "en"
    .port_info 4 /INPUT 1 "seed"
    .port_info 5 /INPUT 1 "d"
    .port_info 6 /OUTPUT 1 "q"
v0x559e7b85c510_0 .net "clk", 0 0, v0x559e7b89d000_0;  alias, 1 drivers
v0x559e7b859a10_0 .net "d", 0 0, L_0x559e7b89d9b0;  1 drivers
v0x559e7b859b10_0 .var "d_ff", 0 0;
v0x559e7b8571c0_0 .net "en", 0 0, v0x559e7b89d180_0;  alias, 1 drivers
v0x559e7b8572c0_0 .net "ld", 0 0, L_0x559e7b89d7f0;  1 drivers
v0x559e7b892650_0 .net "q", 0 0, v0x559e7b859b10_0;  1 drivers
v0x559e7b892710_0 .net "reset_n", 0 0, v0x559e7b89d320_0;  alias, 1 drivers
L_0x7faedb7960f0 .functor BUFT 1, C4<1>, C4<0>, C4<0>, C4<0>;
v0x559e7b8927d0_0 .net "seed", 0 0, L_0x7faedb7960f0;  1 drivers
E_0x559e7b8439e0/0 .event negedge, v0x559e7b892710_0;
E_0x559e7b8439e0/1 .event posedge, v0x559e7b85c510_0;
E_0x559e7b8439e0 .event/or E_0x559e7b8439e0/0, E_0x559e7b8439e0/1;
S_0x559e7b892cd0 .scope generate, "gen_lfsr_node_inst[2]" "gen_lfsr_node_inst[2]" 3 93, 3 93 0, S_0x559e7b891720;
 .timescale 0 0;
P_0x559e7b892ec0 .param/l "i" 0 3 93, +C4<010>;
L_0x7faedb796138 .functor BUFT 1, C4<01>, C4<0>, C4<0>, C4<0>;
v0x559e7b893900_0 .net/2u *"_s0", 1 0, L_0x7faedb796138;  1 drivers
v0x559e7b893a00_0 .net *"_s2", 0 0, L_0x559e7b89db30;  1 drivers
L_0x7faedb796180 .functor BUFT 1, C4<1>, C4<0>, C4<0>, C4<0>;
v0x559e7b893ac0_0 .net/2u *"_s4", 0 0, L_0x7faedb796180;  1 drivers
L_0x7faedb7961c8 .functor BUFT 1, C4<0>, C4<0>, C4<0>, C4<0>;
v0x559e7b893bb0_0 .net/2u *"_s6", 0 0, L_0x7faedb7961c8;  1 drivers
L_0x559e7b89db30 .cmp/eq 2, v0x559e7b89ce50_0, L_0x7faedb796138;
L_0x559e7b89dc70 .functor MUXZ 1, L_0x7faedb7961c8, L_0x7faedb796180, L_0x559e7b89db30, C4<>;
S_0x559e7b892f80 .scope module, "i_lfsr_node" "lfsr_node" 3 95, 4 6 0, S_0x559e7b892cd0;
 .timescale 0 0;
    .port_info 0 /INPUT 1 "clk"
    .port_info 1 /INPUT 1 "reset_n"
    .port_info 2 /INPUT 1 "ld"
    .port_info 3 /INPUT 1 "en"
    .port_info 4 /INPUT 1 "seed"
    .port_info 5 /INPUT 1 "d"
    .port_info 6 /OUTPUT 1 "q"
v0x559e7b893200_0 .net "clk", 0 0, v0x559e7b89d000_0;  alias, 1 drivers
v0x559e7b8932f0_0 .net "d", 0 0, L_0x559e7b89de30;  1 drivers
v0x559e7b893390_0 .var "d_ff", 0 0;
v0x559e7b893460_0 .net "en", 0 0, v0x559e7b89d180_0;  alias, 1 drivers
v0x559e7b893530_0 .net "ld", 0 0, L_0x559e7b89dc70;  1 drivers
v0x559e7b893620_0 .net "q", 0 0, v0x559e7b893390_0;  1 drivers
v0x559e7b8936e0_0 .net "reset_n", 0 0, v0x559e7b89d320_0;  alias, 1 drivers
L_0x7faedb796210 .functor BUFT 1, C4<0>, C4<0>, C4<0>, C4<0>;
v0x559e7b893780_0 .net "seed", 0 0, L_0x7faedb796210;  1 drivers
S_0x559e7b893c90 .scope generate, "gen_lfsr_node_inst[3]" "gen_lfsr_node_inst[3]" 3 93, 3 93 0, S_0x559e7b891720;
 .timescale 0 0;
P_0x559e7b893e80 .param/l "i" 0 3 93, +C4<011>;
L_0x7faedb796258 .functor BUFT 1, C4<01>, C4<0>, C4<0>, C4<0>;
v0x559e7b8949a0_0 .net/2u *"_s0", 1 0, L_0x7faedb796258;  1 drivers
v0x559e7b894aa0_0 .net *"_s2", 0 0, L_0x559e7b89df50;  1 drivers
L_0x7faedb7962a0 .functor BUFT 1, C4<1>, C4<0>, C4<0>, C4<0>;
v0x559e7b894b60_0 .net/2u *"_s4", 0 0, L_0x7faedb7962a0;  1 drivers
L_0x7faedb7962e8 .functor BUFT 1, C4<0>, C4<0>, C4<0>, C4<0>;
v0x559e7b894c20_0 .net/2u *"_s6", 0 0, L_0x7faedb7962e8;  1 drivers
L_0x559e7b89df50 .cmp/eq 2, v0x559e7b89ce50_0, L_0x7faedb796258;
L_0x559e7b89e050 .functor MUXZ 1, L_0x7faedb7962e8, L_0x7faedb7962a0, L_0x559e7b89df50, C4<>;
S_0x559e7b893f60 .scope module, "i_lfsr_node" "lfsr_node" 3 95, 4 6 0, S_0x559e7b893c90;
 .timescale 0 0;
    .port_info 0 /INPUT 1 "clk"
    .port_info 1 /INPUT 1 "reset_n"
    .port_info 2 /INPUT 1 "ld"
    .port_info 3 /INPUT 1 "en"
    .port_info 4 /INPUT 1 "seed"
    .port_info 5 /INPUT 1 "d"
    .port_info 6 /OUTPUT 1 "q"
v0x559e7b8941e0_0 .net "clk", 0 0, v0x559e7b89d000_0;  alias, 1 drivers
v0x559e7b8942f0_0 .net "d", 0 0, L_0x559e7b89e210;  1 drivers
v0x559e7b8943b0_0 .var "d_ff", 0 0;
v0x559e7b894450_0 .net "en", 0 0, v0x559e7b89d180_0;  alias, 1 drivers
v0x559e7b894540_0 .net "ld", 0 0, L_0x559e7b89e050;  1 drivers
v0x559e7b894650_0 .net "q", 0 0, v0x559e7b8943b0_0;  1 drivers
v0x559e7b894710_0 .net "reset_n", 0 0, v0x559e7b89d320_0;  alias, 1 drivers
L_0x7faedb796330 .functor BUFT 1, C4<1>, C4<0>, C4<0>, C4<0>;
v0x559e7b894800_0 .net "seed", 0 0, L_0x7faedb796330;  1 drivers
S_0x559e7b894d00 .scope generate, "gen_lfsr_node_inst[4]" "gen_lfsr_node_inst[4]" 3 93, 3 93 0, S_0x559e7b891720;
 .timescale 0 0;
P_0x559e7b894f40 .param/l "i" 0 3 93, +C4<0100>;
L_0x7faedb796378 .functor BUFT 1, C4<01>, C4<0>, C4<0>, C4<0>;
v0x559e7b8959b0_0 .net/2u *"_s0", 1 0, L_0x7faedb796378;  1 drivers
v0x559e7b895ab0_0 .net *"_s2", 0 0, L_0x559e7b89e310;  1 drivers
L_0x7faedb7963c0 .functor BUFT 1, C4<1>, C4<0>, C4<0>, C4<0>;
v0x559e7b895b70_0 .net/2u *"_s4", 0 0, L_0x7faedb7963c0;  1 drivers
L_0x7faedb796408 .functor BUFT 1, C4<0>, C4<0>, C4<0>, C4<0>;
v0x559e7b895c30_0 .net/2u *"_s6", 0 0, L_0x7faedb796408;  1 drivers
L_0x559e7b89e310 .cmp/eq 2, v0x559e7b89ce50_0, L_0x7faedb796378;
L_0x559e7b89e410 .functor MUXZ 1, L_0x7faedb796408, L_0x7faedb7963c0, L_0x559e7b89e310, C4<>;
S_0x559e7b895020 .scope module, "i_lfsr_node" "lfsr_node" 3 95, 4 6 0, S_0x559e7b894d00;
 .timescale 0 0;
    .port_info 0 /INPUT 1 "clk"
    .port_info 1 /INPUT 1 "reset_n"
    .port_info 2 /INPUT 1 "ld"
    .port_info 3 /INPUT 1 "en"
    .port_info 4 /INPUT 1 "seed"
    .port_info 5 /INPUT 1 "d"
    .port_info 6 /OUTPUT 1 "q"
v0x559e7b8952a0_0 .net "clk", 0 0, v0x559e7b89d000_0;  alias, 1 drivers
v0x559e7b895360_0 .net "d", 0 0, L_0x559e7b89e5d0;  1 drivers
v0x559e7b895420_0 .var "d_ff", 0 0;
v0x559e7b8954c0_0 .net "en", 0 0, v0x559e7b89d180_0;  alias, 1 drivers
v0x559e7b895560_0 .net "ld", 0 0, L_0x559e7b89e410;  1 drivers
v0x559e7b895670_0 .net "q", 0 0, v0x559e7b895420_0;  1 drivers
v0x559e7b895730_0 .net "reset_n", 0 0, v0x559e7b89d320_0;  alias, 1 drivers
L_0x7faedb796450 .functor BUFT 1, C4<1>, C4<0>, C4<0>, C4<0>;
v0x559e7b8957d0_0 .net "seed", 0 0, L_0x7faedb796450;  1 drivers
S_0x559e7b895d10 .scope generate, "gen_lfsr_node_inst[5]" "gen_lfsr_node_inst[5]" 3 93, 3 93 0, S_0x559e7b891720;
 .timescale 0 0;
P_0x559e7b895f00 .param/l "i" 0 3 93, +C4<0101>;
L_0x7faedb796498 .functor BUFT 1, C4<01>, C4<0>, C4<0>, C4<0>;
v0x559e7b896920_0 .net/2u *"_s0", 1 0, L_0x7faedb796498;  1 drivers
v0x559e7b896a20_0 .net *"_s2", 0 0, L_0x559e7b89e810;  1 drivers
L_0x7faedb7964e0 .functor BUFT 1, C4<1>, C4<0>, C4<0>, C4<0>;
v0x559e7b896ae0_0 .net/2u *"_s4", 0 0, L_0x7faedb7964e0;  1 drivers
L_0x7faedb796528 .functor BUFT 1, C4<0>, C4<0>, C4<0>, C4<0>;
v0x559e7b896ba0_0 .net/2u *"_s6", 0 0, L_0x7faedb796528;  1 drivers
L_0x559e7b89e810 .cmp/eq 2, v0x559e7b89ce50_0, L_0x7faedb796498;
L_0x559e7b89e910 .functor MUXZ 1, L_0x7faedb796528, L_0x7faedb7964e0, L_0x559e7b89e810, C4<>;
S_0x559e7b895fe0 .scope module, "i_lfsr_node" "lfsr_node" 3 95, 4 6 0, S_0x559e7b895d10;
 .timescale 0 0;
    .port_info 0 /INPUT 1 "clk"
    .port_info 1 /INPUT 1 "reset_n"
    .port_info 2 /INPUT 1 "ld"
    .port_info 3 /INPUT 1 "en"
    .port_info 4 /INPUT 1 "seed"
    .port_info 5 /INPUT 1 "d"
    .port_info 6 /OUTPUT 1 "q"
v0x559e7b896260_0 .net "clk", 0 0, v0x559e7b89d000_0;  alias, 1 drivers
v0x559e7b896320_0 .net "d", 0 0, L_0x559e7b89ead0;  1 drivers
v0x559e7b8963e0_0 .var "d_ff", 0 0;
v0x559e7b896480_0 .net "en", 0 0, v0x559e7b89d180_0;  alias, 1 drivers
v0x559e7b896520_0 .net "ld", 0 0, L_0x559e7b89e910;  1 drivers
v0x559e7b8965e0_0 .net "q", 0 0, v0x559e7b8963e0_0;  1 drivers
v0x559e7b8966a0_0 .net "reset_n", 0 0, v0x559e7b89d320_0;  alias, 1 drivers
L_0x7faedb796570 .functor BUFT 1, C4<0>, C4<0>, C4<0>, C4<0>;
v0x559e7b896740_0 .net "seed", 0 0, L_0x7faedb796570;  1 drivers
S_0x559e7b896c80 .scope generate, "gen_lfsr_node_inst[6]" "gen_lfsr_node_inst[6]" 3 93, 3 93 0, S_0x559e7b891720;
 .timescale 0 0;
P_0x559e7b8942a0 .param/l "i" 0 3 93, +C4<0110>;
L_0x7faedb7965b8 .functor BUFT 1, C4<01>, C4<0>, C4<0>, C4<0>;
v0x559e7b897840_0 .net/2u *"_s0", 1 0, L_0x7faedb7965b8;  1 drivers
v0x559e7b897940_0 .net *"_s2", 0 0, L_0x559e7b89ebd0;  1 drivers
L_0x7faedb796600 .functor BUFT 1, C4<1>, C4<0>, C4<0>, C4<0>;
v0x559e7b897a00_0 .net/2u *"_s4", 0 0, L_0x7faedb796600;  1 drivers
L_0x7faedb796648 .functor BUFT 1, C4<0>, C4<0>, C4<0>, C4<0>;
v0x559e7b897ac0_0 .net/2u *"_s6", 0 0, L_0x7faedb796648;  1 drivers
L_0x559e7b89ebd0 .cmp/eq 2, v0x559e7b89ce50_0, L_0x7faedb7965b8;
L_0x559e7b89ed20 .functor MUXZ 1, L_0x7faedb796648, L_0x7faedb796600, L_0x559e7b89ebd0, C4<>;
S_0x559e7b896eb0 .scope module, "i_lfsr_node" "lfsr_node" 3 95, 4 6 0, S_0x559e7b896c80;
 .timescale 0 0;
    .port_info 0 /INPUT 1 "clk"
    .port_info 1 /INPUT 1 "reset_n"
    .port_info 2 /INPUT 1 "ld"
    .port_info 3 /INPUT 1 "en"
    .port_info 4 /INPUT 1 "seed"
    .port_info 5 /INPUT 1 "d"
    .port_info 6 /OUTPUT 1 "q"
v0x559e7b897130_0 .net "clk", 0 0, v0x559e7b89d000_0;  alias, 1 drivers
v0x559e7b8971f0_0 .net "d", 0 0, L_0x559e7b89eee0;  1 drivers
v0x559e7b8972b0_0 .var "d_ff", 0 0;
v0x559e7b897350_0 .net "en", 0 0, v0x559e7b89d180_0;  alias, 1 drivers
v0x559e7b8973f0_0 .net "ld", 0 0, L_0x559e7b89ed20;  1 drivers
v0x559e7b897500_0 .net "q", 0 0, v0x559e7b8972b0_0;  1 drivers
v0x559e7b8975c0_0 .net "reset_n", 0 0, v0x559e7b89d320_0;  alias, 1 drivers
L_0x7faedb796690 .functor BUFT 1, C4<1>, C4<0>, C4<0>, C4<0>;
v0x559e7b897660_0 .net "seed", 0 0, L_0x7faedb796690;  1 drivers
S_0x559e7b897ba0 .scope generate, "gen_lfsr_node_inst[7]" "gen_lfsr_node_inst[7]" 3 93, 3 93 0, S_0x559e7b891720;
 .timescale 0 0;
P_0x559e7b897d90 .param/l "i" 0 3 93, +C4<0111>;
L_0x7faedb7966d8 .functor BUFT 1, C4<01>, C4<0>, C4<0>, C4<0>;
v0x559e7b898830_0 .net/2u *"_s0", 1 0, L_0x7faedb7966d8;  1 drivers
v0x559e7b898930_0 .net *"_s2", 0 0, L_0x559e7b89eff0;  1 drivers
L_0x7faedb796720 .functor BUFT 1, C4<1>, C4<0>, C4<0>, C4<0>;
v0x559e7b8989f0_0 .net/2u *"_s4", 0 0, L_0x7faedb796720;  1 drivers
L_0x7faedb796768 .functor BUFT 1, C4<0>, C4<0>, C4<0>, C4<0>;
v0x559e7b898ab0_0 .net/2u *"_s6", 0 0, L_0x7faedb796768;  1 drivers
L_0x559e7b89eff0 .cmp/eq 2, v0x559e7b89ce50_0, L_0x7faedb7966d8;
L_0x559e7b89f140 .functor MUXZ 1, L_0x7faedb796768, L_0x7faedb796720, L_0x559e7b89eff0, C4<>;
S_0x559e7b897e70 .scope module, "i_lfsr_node" "lfsr_node" 3 95, 4 6 0, S_0x559e7b897ba0;
 .timescale 0 0;
    .port_info 0 /INPUT 1 "clk"
    .port_info 1 /INPUT 1 "reset_n"
    .port_info 2 /INPUT 1 "ld"
    .port_info 3 /INPUT 1 "en"
    .port_info 4 /INPUT 1 "seed"
    .port_info 5 /INPUT 1 "d"
    .port_info 6 /OUTPUT 1 "q"
v0x559e7b8980f0_0 .net "clk", 0 0, v0x559e7b89d000_0;  alias, 1 drivers
v0x559e7b8981b0_0 .net "d", 0 0, L_0x559e7b89f300;  1 drivers
v0x559e7b898270_0 .var "d_ff", 0 0;
v0x559e7b898340_0 .net "en", 0 0, v0x559e7b89d180_0;  alias, 1 drivers
v0x559e7b8983e0_0 .net "ld", 0 0, L_0x559e7b89f140;  1 drivers
v0x559e7b8984f0_0 .net "q", 0 0, v0x559e7b898270_0;  1 drivers
v0x559e7b8985b0_0 .net "reset_n", 0 0, v0x559e7b89d320_0;  alias, 1 drivers
L_0x7faedb7967b0 .functor BUFT 1, C4<1>, C4<0>, C4<0>, C4<0>;
v0x559e7b898650_0 .net "seed", 0 0, L_0x7faedb7967b0;  1 drivers
S_0x559e7b898b90 .scope generate, "gen_lfsr_node_inst[8]" "gen_lfsr_node_inst[8]" 3 93, 3 93 0, S_0x559e7b891720;
 .timescale 0 0;
P_0x559e7b894ef0 .param/l "i" 0 3 93, +C4<01000>;
L_0x7faedb7967f8 .functor BUFT 1, C4<01>, C4<0>, C4<0>, C4<0>;
v0x559e7b8997d0_0 .net/2u *"_s0", 1 0, L_0x7faedb7967f8;  1 drivers
v0x559e7b8998d0_0 .net *"_s2", 0 0, L_0x559e7b89f470;  1 drivers
L_0x7faedb796840 .functor BUFT 1, C4<1>, C4<0>, C4<0>, C4<0>;
v0x559e7b899990_0 .net/2u *"_s4", 0 0, L_0x7faedb796840;  1 drivers
L_0x7faedb796888 .functor BUFT 1, C4<0>, C4<0>, C4<0>, C4<0>;
v0x559e7b899a50_0 .net/2u *"_s6", 0 0, L_0x7faedb796888;  1 drivers
L_0x559e7b89f470 .cmp/eq 2, v0x559e7b89ce50_0, L_0x7faedb7967f8;
L_0x559e7b89f6d0 .functor MUXZ 1, L_0x7faedb796888, L_0x7faedb796840, L_0x559e7b89f470, C4<>;
S_0x559e7b898e10 .scope module, "i_lfsr_node" "lfsr_node" 3 95, 4 6 0, S_0x559e7b898b90;
 .timescale 0 0;
    .port_info 0 /INPUT 1 "clk"
    .port_info 1 /INPUT 1 "reset_n"
    .port_info 2 /INPUT 1 "ld"
    .port_info 3 /INPUT 1 "en"
    .port_info 4 /INPUT 1 "seed"
    .port_info 5 /INPUT 1 "d"
    .port_info 6 /OUTPUT 1 "q"
v0x559e7b899090_0 .net "clk", 0 0, v0x559e7b89d000_0;  alias, 1 drivers
v0x559e7b899150_0 .net "d", 0 0, L_0x559e7b89f890;  1 drivers
v0x559e7b899210_0 .var "d_ff", 0 0;
v0x559e7b8992e0_0 .net "en", 0 0, v0x559e7b89d180_0;  alias, 1 drivers
v0x559e7b899380_0 .net "ld", 0 0, L_0x559e7b89f6d0;  1 drivers
v0x559e7b899490_0 .net "q", 0 0, v0x559e7b899210_0;  1 drivers
v0x559e7b899550_0 .net "reset_n", 0 0, v0x559e7b89d320_0;  alias, 1 drivers
L_0x7faedb7968d0 .functor BUFT 1, C4<0>, C4<0>, C4<0>, C4<0>;
v0x559e7b8995f0_0 .net "seed", 0 0, L_0x7faedb7968d0;  1 drivers
S_0x559e7b899b30 .scope generate, "gen_lfsr_node_inst[9]" "gen_lfsr_node_inst[9]" 3 93, 3 93 0, S_0x559e7b891720;
 .timescale 0 0;
P_0x559e7b899d20 .param/l "i" 0 3 93, +C4<01001>;
L_0x7faedb796918 .functor BUFT 1, C4<01>, C4<0>, C4<0>, C4<0>;
v0x559e7b89a8d0_0 .net/2u *"_s0", 1 0, L_0x7faedb796918;  1 drivers
v0x559e7b89a9d0_0 .net *"_s2", 0 0, L_0x559e7b89fd70;  1 drivers
L_0x7faedb796960 .functor BUFT 1, C4<1>, C4<0>, C4<0>, C4<0>;
v0x559e7b89aa90_0 .net/2u *"_s4", 0 0, L_0x7faedb796960;  1 drivers
L_0x7faedb7969a8 .functor BUFT 1, C4<0>, C4<0>, C4<0>, C4<0>;
v0x559e7b89ab50_0 .net/2u *"_s6", 0 0, L_0x7faedb7969a8;  1 drivers
L_0x559e7b89fd70 .cmp/eq 2, v0x559e7b89ce50_0, L_0x7faedb796918;
L_0x559e7b89fec0 .functor MUXZ 1, L_0x7faedb7969a8, L_0x7faedb796960, L_0x559e7b89fd70, C4<>;
S_0x559e7b899e00 .scope module, "i_lfsr_node" "lfsr_node" 3 95, 4 6 0, S_0x559e7b899b30;
 .timescale 0 0;
    .port_info 0 /INPUT 1 "clk"
    .port_info 1 /INPUT 1 "reset_n"
    .port_info 2 /INPUT 1 "ld"
    .port_info 3 /INPUT 1 "en"
    .port_info 4 /INPUT 1 "seed"
    .port_info 5 /INPUT 1 "d"
    .port_info 6 /OUTPUT 1 "q"
v0x559e7b89a080_0 .net "clk", 0 0, v0x559e7b89d000_0;  alias, 1 drivers
v0x559e7b89a140_0 .net "d", 0 0, L_0x559e7b8a0080;  1 drivers
v0x559e7b89a200_0 .var "d_ff", 0 0;
v0x559e7b89a2d0_0 .net "en", 0 0, v0x559e7b89d180_0;  alias, 1 drivers
v0x559e7b89a370_0 .net "ld", 0 0, L_0x559e7b89fec0;  1 drivers
v0x559e7b89a480_0 .net "q", 0 0, v0x559e7b89a200_0;  1 drivers
v0x559e7b89a540_0 .net "reset_n", 0 0, v0x559e7b89d320_0;  alias, 1 drivers
L_0x7faedb7969f0 .functor BUFT 1, C4<1>, C4<0>, C4<0>, C4<0>;
v0x559e7b89a6f0_0 .net "seed", 0 0, L_0x7faedb7969f0;  1 drivers
S_0x559e7b89ac30 .scope generate, "gen_lfsr_node_inst[10]" "gen_lfsr_node_inst[10]" 3 93, 3 93 0, S_0x559e7b891720;
 .timescale 0 0;
P_0x559e7b89ae20 .param/l "i" 0 3 93, +C4<01010>;
L_0x7faedb796a38 .functor BUFT 1, C4<01>, C4<0>, C4<0>, C4<0>;
v0x559e7b89b8c0_0 .net/2u *"_s0", 1 0, L_0x7faedb796a38;  1 drivers
v0x559e7b89b9c0_0 .net *"_s2", 0 0, L_0x559e7b8a01f0;  1 drivers
L_0x7faedb796a80 .functor BUFT 1, C4<1>, C4<0>, C4<0>, C4<0>;
v0x559e7b89ba80_0 .net/2u *"_s4", 0 0, L_0x7faedb796a80;  1 drivers
L_0x7faedb796ac8 .functor BUFT 1, C4<0>, C4<0>, C4<0>, C4<0>;
v0x559e7b89bb40_0 .net/2u *"_s6", 0 0, L_0x7faedb796ac8;  1 drivers
L_0x559e7b8a01f0 .cmp/eq 2, v0x559e7b89ce50_0, L_0x7faedb796a38;
L_0x559e7b8a0340 .functor MUXZ 1, L_0x7faedb796ac8, L_0x7faedb796a80, L_0x559e7b8a01f0, C4<>;
S_0x559e7b89af00 .scope module, "i_lfsr_node" "lfsr_node" 3 95, 4 6 0, S_0x559e7b89ac30;
 .timescale 0 0;
    .port_info 0 /INPUT 1 "clk"
    .port_info 1 /INPUT 1 "reset_n"
    .port_info 2 /INPUT 1 "ld"
    .port_info 3 /INPUT 1 "en"
    .port_info 4 /INPUT 1 "seed"
    .port_info 5 /INPUT 1 "d"
    .port_info 6 /OUTPUT 1 "q"
v0x559e7b89b180_0 .net "clk", 0 0, v0x559e7b89d000_0;  alias, 1 drivers
v0x559e7b89b240_0 .net "d", 0 0, L_0x559e7b8a0500;  1 drivers
v0x559e7b89b300_0 .var "d_ff", 0 0;
v0x559e7b89b3d0_0 .net "en", 0 0, v0x559e7b89d180_0;  alias, 1 drivers
v0x559e7b89b470_0 .net "ld", 0 0, L_0x559e7b8a0340;  1 drivers
v0x559e7b89b580_0 .net "q", 0 0, v0x559e7b89b300_0;  1 drivers
v0x559e7b89b640_0 .net "reset_n", 0 0, v0x559e7b89d320_0;  alias, 1 drivers
L_0x7faedb796b10 .functor BUFT 1, C4<1>, C4<0>, C4<0>, C4<0>;
v0x559e7b89b6e0_0 .net "seed", 0 0, L_0x7faedb796b10;  1 drivers
S_0x559e7b89bc20 .scope module, "i_lfsr_node" "lfsr_node" 3 79, 4 6 0, S_0x559e7b891720;
 .timescale 0 0;
    .port_info 0 /INPUT 1 "clk"
    .port_info 1 /INPUT 1 "reset_n"
    .port_info 2 /INPUT 1 "ld"
    .port_info 3 /INPUT 1 "en"
    .port_info 4 /INPUT 1 "seed"
    .port_info 5 /INPUT 1 "d"
    .port_info 6 /OUTPUT 1 "q"
v0x559e7b89bea0_0 .net "clk", 0 0, v0x559e7b89d000_0;  alias, 1 drivers
v0x559e7b89bf60_0 .net "d", 0 0, v0x559e7b89cc70_0;  1 drivers
v0x559e7b89c020_0 .var "d_ff", 0 0;
v0x559e7b89c0f0_0 .net "en", 0 0, v0x559e7b89d180_0;  alias, 1 drivers
v0x559e7b89c190_0 .net "ld", 0 0, L_0x559e7b8a07d0;  1 drivers
v0x559e7b89c2a0_0 .net "q", 0 0, v0x559e7b89c020_0;  1 drivers
v0x559e7b89c360_0 .net "reset_n", 0 0, v0x559e7b89d320_0;  alias, 1 drivers
L_0x7faedb796c30 .functor BUFT 1, C4<1>, C4<0>, C4<0>, C4<0>;
v0x559e7b89c400_0 .net "seed", 0 0, L_0x7faedb796c30;  1 drivers
    .scope S_0x559e7b8922a0;
T_0 ;
    %wait E_0x559e7b8439e0;
    %load/vec4 v0x559e7b892710_0;
    %nor/r;
    %flag_set/vec4 8;
    %jmp/0xz  T_0.0, 8;
    %pushi/vec4 0, 0, 1;
    %assign/vec4 v0x559e7b859b10_0, 0;
    %jmp T_0.1;
T_0.0 ;
    %load/vec4 v0x559e7b8572c0_0;
    %flag_set/vec4 8;
    %jmp/0xz  T_0.2, 8;
    %load/vec4 v0x559e7b8927d0_0;
    %assign/vec4 v0x559e7b859b10_0, 0;
    %jmp T_0.3;
T_0.2 ;
    %load/vec4 v0x559e7b8571c0_0;
    %flag_set/vec4 8;
    %jmp/0xz  T_0.4, 8;
    %load/vec4 v0x559e7b859a10_0;
    %assign/vec4 v0x559e7b859b10_0, 0;
    %jmp T_0.5;
T_0.4 ;
    %pushi/vec4 0, 0, 1;
    %assign/vec4 v0x559e7b859b10_0, 0;
T_0.5 ;
T_0.3 ;
T_0.1 ;
    %jmp T_0;
    .thread T_0;
    .scope S_0x559e7b892f80;
T_1 ;
    %wait E_0x559e7b8439e0;
    %load/vec4 v0x559e7b8936e0_0;
    %nor/r;
    %flag_set/vec4 8;
    %jmp/0xz  T_1.0, 8;
    %pushi/vec4 0, 0, 1;
    %assign/vec4 v0x559e7b893390_0, 0;
    %jmp T_1.1;
T_1.0 ;
    %load/vec4 v0x559e7b893530_0;
    %flag_set/vec4 8;
    %jmp/0xz  T_1.2, 8;
    %load/vec4 v0x559e7b893780_0;
    %assign/vec4 v0x559e7b893390_0, 0;
    %jmp T_1.3;
T_1.2 ;
    %load/vec4 v0x559e7b893460_0;
    %flag_set/vec4 8;
    %jmp/0xz  T_1.4, 8;
    %load/vec4 v0x559e7b8932f0_0;
    %assign/vec4 v0x559e7b893390_0, 0;
    %jmp T_1.5;
T_1.4 ;
    %pushi/vec4 0, 0, 1;
    %assign/vec4 v0x559e7b893390_0, 0;
T_1.5 ;
T_1.3 ;
T_1.1 ;
    %jmp T_1;
    .thread T_1;
    .scope S_0x559e7b893f60;
T_2 ;
    %wait E_0x559e7b8439e0;
    %load/vec4 v0x559e7b894710_0;
    %nor/r;
    %flag_set/vec4 8;
    %jmp/0xz  T_2.0, 8;
    %pushi/vec4 0, 0, 1;
    %assign/vec4 v0x559e7b8943b0_0, 0;
    %jmp T_2.1;
T_2.0 ;
    %load/vec4 v0x559e7b894540_0;
    %flag_set/vec4 8;
    %jmp/0xz  T_2.2, 8;
    %load/vec4 v0x559e7b894800_0;
    %assign/vec4 v0x559e7b8943b0_0, 0;
    %jmp T_2.3;
T_2.2 ;
    %load/vec4 v0x559e7b894450_0;
    %flag_set/vec4 8;
    %jmp/0xz  T_2.4, 8;
    %load/vec4 v0x559e7b8942f0_0;
    %assign/vec4 v0x559e7b8943b0_0, 0;
    %jmp T_2.5;
T_2.4 ;
    %pushi/vec4 0, 0, 1;
    %assign/vec4 v0x559e7b8943b0_0, 0;
T_2.5 ;
T_2.3 ;
T_2.1 ;
    %jmp T_2;
    .thread T_2;
    .scope S_0x559e7b895020;
T_3 ;
    %wait E_0x559e7b8439e0;
    %load/vec4 v0x559e7b895730_0;
    %nor/r;
    %flag_set/vec4 8;
    %jmp/0xz  T_3.0, 8;
    %pushi/vec4 0, 0, 1;
    %assign/vec4 v0x559e7b895420_0, 0;
    %jmp T_3.1;
T_3.0 ;
    %load/vec4 v0x559e7b895560_0;
    %flag_set/vec4 8;
    %jmp/0xz  T_3.2, 8;
    %load/vec4 v0x559e7b8957d0_0;
    %assign/vec4 v0x559e7b895420_0, 0;
    %jmp T_3.3;
T_3.2 ;
    %load/vec4 v0x559e7b8954c0_0;
    %flag_set/vec4 8;
    %jmp/0xz  T_3.4, 8;
    %load/vec4 v0x559e7b895360_0;
    %assign/vec4 v0x559e7b895420_0, 0;
    %jmp T_3.5;
T_3.4 ;
    %pushi/vec4 0, 0, 1;
    %assign/vec4 v0x559e7b895420_0, 0;
T_3.5 ;
T_3.3 ;
T_3.1 ;
    %jmp T_3;
    .thread T_3;
    .scope S_0x559e7b895fe0;
T_4 ;
    %wait E_0x559e7b8439e0;
    %load/vec4 v0x559e7b8966a0_0;
    %nor/r;
    %flag_set/vec4 8;
    %jmp/0xz  T_4.0, 8;
    %pushi/vec4 0, 0, 1;
    %assign/vec4 v0x559e7b8963e0_0, 0;
    %jmp T_4.1;
T_4.0 ;
    %load/vec4 v0x559e7b896520_0;
    %flag_set/vec4 8;
    %jmp/0xz  T_4.2, 8;
    %load/vec4 v0x559e7b896740_0;
    %assign/vec4 v0x559e7b8963e0_0, 0;
    %jmp T_4.3;
T_4.2 ;
    %load/vec4 v0x559e7b896480_0;
    %flag_set/vec4 8;
    %jmp/0xz  T_4.4, 8;
    %load/vec4 v0x559e7b896320_0;
    %assign/vec4 v0x559e7b8963e0_0, 0;
    %jmp T_4.5;
T_4.4 ;
    %pushi/vec4 0, 0, 1;
    %assign/vec4 v0x559e7b8963e0_0, 0;
T_4.5 ;
T_4.3 ;
T_4.1 ;
    %jmp T_4;
    .thread T_4;
    .scope S_0x559e7b896eb0;
T_5 ;
    %wait E_0x559e7b8439e0;
    %load/vec4 v0x559e7b8975c0_0;
    %nor/r;
    %flag_set/vec4 8;
    %jmp/0xz  T_5.0, 8;
    %pushi/vec4 0, 0, 1;
    %assign/vec4 v0x559e7b8972b0_0, 0;
    %jmp T_5.1;
T_5.0 ;
    %load/vec4 v0x559e7b8973f0_0;
    %flag_set/vec4 8;
    %jmp/0xz  T_5.2, 8;
    %load/vec4 v0x559e7b897660_0;
    %assign/vec4 v0x559e7b8972b0_0, 0;
    %jmp T_5.3;
T_5.2 ;
    %load/vec4 v0x559e7b897350_0;
    %flag_set/vec4 8;
    %jmp/0xz  T_5.4, 8;
    %load/vec4 v0x559e7b8971f0_0;
    %assign/vec4 v0x559e7b8972b0_0, 0;
    %jmp T_5.5;
T_5.4 ;
    %pushi/vec4 0, 0, 1;
    %assign/vec4 v0x559e7b8972b0_0, 0;
T_5.5 ;
T_5.3 ;
T_5.1 ;
    %jmp T_5;
    .thread T_5;
    .scope S_0x559e7b897e70;
T_6 ;
    %wait E_0x559e7b8439e0;
    %load/vec4 v0x559e7b8985b0_0;
    %nor/r;
    %flag_set/vec4 8;
    %jmp/0xz  T_6.0, 8;
    %pushi/vec4 0, 0, 1;
    %assign/vec4 v0x559e7b898270_0, 0;
    %jmp T_6.1;
T_6.0 ;
    %load/vec4 v0x559e7b8983e0_0;
    %flag_set/vec4 8;
    %jmp/0xz  T_6.2, 8;
    %load/vec4 v0x559e7b898650_0;
    %assign/vec4 v0x559e7b898270_0, 0;
    %jmp T_6.3;
T_6.2 ;
    %load/vec4 v0x559e7b898340_0;
    %flag_set/vec4 8;
    %jmp/0xz  T_6.4, 8;
    %load/vec4 v0x559e7b8981b0_0;
    %assign/vec4 v0x559e7b898270_0, 0;
    %jmp T_6.5;
T_6.4 ;
    %pushi/vec4 0, 0, 1;
    %assign/vec4 v0x559e7b898270_0, 0;
T_6.5 ;
T_6.3 ;
T_6.1 ;
    %jmp T_6;
    .thread T_6;
    .scope S_0x559e7b898e10;
T_7 ;
    %wait E_0x559e7b8439e0;
    %load/vec4 v0x559e7b899550_0;
    %nor/r;
    %flag_set/vec4 8;
    %jmp/0xz  T_7.0, 8;
    %pushi/vec4 0, 0, 1;
    %assign/vec4 v0x559e7b899210_0, 0;
    %jmp T_7.1;
T_7.0 ;
    %load/vec4 v0x559e7b899380_0;
    %flag_set/vec4 8;
    %jmp/0xz  T_7.2, 8;
    %load/vec4 v0x559e7b8995f0_0;
    %assign/vec4 v0x559e7b899210_0, 0;
    %jmp T_7.3;
T_7.2 ;
    %load/vec4 v0x559e7b8992e0_0;
    %flag_set/vec4 8;
    %jmp/0xz  T_7.4, 8;
    %load/vec4 v0x559e7b899150_0;
    %assign/vec4 v0x559e7b899210_0, 0;
    %jmp T_7.5;
T_7.4 ;
    %pushi/vec4 0, 0, 1;
    %assign/vec4 v0x559e7b899210_0, 0;
T_7.5 ;
T_7.3 ;
T_7.1 ;
    %jmp T_7;
    .thread T_7;
    .scope S_0x559e7b899e00;
T_8 ;
    %wait E_0x559e7b8439e0;
    %load/vec4 v0x559e7b89a540_0;
    %nor/r;
    %flag_set/vec4 8;
    %jmp/0xz  T_8.0, 8;
    %pushi/vec4 0, 0, 1;
    %assign/vec4 v0x559e7b89a200_0, 0;
    %jmp T_8.1;
T_8.0 ;
    %load/vec4 v0x559e7b89a370_0;
    %flag_set/vec4 8;
    %jmp/0xz  T_8.2, 8;
    %load/vec4 v0x559e7b89a6f0_0;
    %assign/vec4 v0x559e7b89a200_0, 0;
    %jmp T_8.3;
T_8.2 ;
    %load/vec4 v0x559e7b89a2d0_0;
    %flag_set/vec4 8;
    %jmp/0xz  T_8.4, 8;
    %load/vec4 v0x559e7b89a140_0;
    %assign/vec4 v0x559e7b89a200_0, 0;
    %jmp T_8.5;
T_8.4 ;
    %pushi/vec4 0, 0, 1;
    %assign/vec4 v0x559e7b89a200_0, 0;
T_8.5 ;
T_8.3 ;
T_8.1 ;
    %jmp T_8;
    .thread T_8;
    .scope S_0x559e7b89af00;
T_9 ;
    %wait E_0x559e7b8439e0;
    %load/vec4 v0x559e7b89b640_0;
    %nor/r;
    %flag_set/vec4 8;
    %jmp/0xz  T_9.0, 8;
    %pushi/vec4 0, 0, 1;
    %assign/vec4 v0x559e7b89b300_0, 0;
    %jmp T_9.1;
T_9.0 ;
    %load/vec4 v0x559e7b89b470_0;
    %flag_set/vec4 8;
    %jmp/0xz  T_9.2, 8;
    %load/vec4 v0x559e7b89b6e0_0;
    %assign/vec4 v0x559e7b89b300_0, 0;
    %jmp T_9.3;
T_9.2 ;
    %load/vec4 v0x559e7b89b3d0_0;
    %flag_set/vec4 8;
    %jmp/0xz  T_9.4, 8;
    %load/vec4 v0x559e7b89b240_0;
    %assign/vec4 v0x559e7b89b300_0, 0;
    %jmp T_9.5;
T_9.4 ;
    %pushi/vec4 0, 0, 1;
    %assign/vec4 v0x559e7b89b300_0, 0;
T_9.5 ;
T_9.3 ;
T_9.1 ;
    %jmp T_9;
    .thread T_9;
    .scope S_0x559e7b89bc20;
T_10 ;
    %wait E_0x559e7b8439e0;
    %load/vec4 v0x559e7b89c360_0;
    %nor/r;
    %flag_set/vec4 8;
    %jmp/0xz  T_10.0, 8;
    %pushi/vec4 0, 0, 1;
    %assign/vec4 v0x559e7b89c020_0, 0;
    %jmp T_10.1;
T_10.0 ;
    %load/vec4 v0x559e7b89c190_0;
    %flag_set/vec4 8;
    %jmp/0xz  T_10.2, 8;
    %load/vec4 v0x559e7b89c400_0;
    %assign/vec4 v0x559e7b89c020_0, 0;
    %jmp T_10.3;
T_10.2 ;
    %load/vec4 v0x559e7b89c0f0_0;
    %flag_set/vec4 8;
    %jmp/0xz  T_10.4, 8;
    %load/vec4 v0x559e7b89bf60_0;
    %assign/vec4 v0x559e7b89c020_0, 0;
    %jmp T_10.5;
T_10.4 ;
    %pushi/vec4 0, 0, 1;
    %assign/vec4 v0x559e7b89c020_0, 0;
T_10.5 ;
T_10.3 ;
T_10.1 ;
    %jmp T_10;
    .thread T_10;
    .scope S_0x559e7b891720;
T_11 ;
    %wait E_0x559e7b8439e0;
    %load/vec4 v0x559e7b89cdb0_0;
    %nor/r;
    %flag_set/vec4 8;
    %jmp/0xz  T_11.0, 8;
    %pushi/vec4 0, 0, 1;
    %assign/vec4 v0x559e7b89cc70_0, 0;
    %jmp T_11.1;
T_11.0 ;
    %load/vec4 v0x559e7b89cbd0_0;
    %pad/u 32;
    %pushi/vec4 1, 0, 32;
    %cmp/e;
    %flag_get/vec4 4;
    %load/vec4 v0x559e7b89ce50_0;
    %pushi/vec4 2, 0, 2;
    %cmp/e;
    %flag_get/vec4 4;
    %and;
    %flag_set/vec4 8;
    %jmp/0xz  T_11.2, 8;
    %fork t_1, S_0x559e7b891d80;
    %jmp t_0;
    .scope S_0x559e7b891d80;
t_1 ;
    %pushi/vec4 0, 0, 32;
    %store/vec4 v0x559e7b85c410_0, 0, 32;
T_11.4 ;
    %load/vec4 v0x559e7b85c410_0;
    %cmpi/s 11, 0, 32;
    %jmp/0xz T_11.5, 5;
    %pushi/vec4 1280, 0, 11;
    %load/vec4 v0x559e7b85c410_0;
    %part/s 1;
    %cmpi/e 1, 0, 1;
    %jmp/0xz  T_11.6, 4;
    %load/vec4 v0x559e7b89cc70_0;
    %load/vec4 v0x559e7b89ca30_0;
    %load/vec4 v0x559e7b85c410_0;
    %part/s 1;
    %xor;
    %assign/vec4 v0x559e7b89cc70_0, 0;
T_11.6 ;
    %load/vec4 v0x559e7b85c410_0;
    %addi 1, 0, 32;
    %cast2;
    %store/vec4 v0x559e7b85c410_0, 0, 32;
    %jmp T_11.4;
T_11.5 ;
    %end;
    .scope S_0x559e7b891720;
t_0 %join;
T_11.2 ;
T_11.1 ;
    %jmp T_11;
    .thread T_11;
    .scope S_0x559e7b891720;
T_12 ;
    %wait E_0x559e7b8439e0;
    %load/vec4 v0x559e7b89cdb0_0;
    %nor/r;
    %flag_set/vec4 8;
    %jmp/0xz  T_12.0, 8;
    %pushi/vec4 0, 0, 2;
    %assign/vec4 v0x559e7b89ce50_0, 0;
    %jmp T_12.1;
T_12.0 ;
    %load/vec4 v0x559e7b89ce50_0;
    %dup/vec4;
    %pushi/vec4 0, 0, 2;
    %cmp/u;
    %jmp/1 T_12.2, 6;
    %dup/vec4;
    %pushi/vec4 1, 0, 2;
    %cmp/u;
    %jmp/1 T_12.3, 6;
    %dup/vec4;
    %pushi/vec4 2, 0, 2;
    %cmp/u;
    %jmp/1 T_12.4, 6;
    %pushi/vec4 0, 0, 2;
    %assign/vec4 v0x559e7b89ce50_0, 0;
    %jmp T_12.6;
T_12.2 ;
    %load/vec4 v0x559e7b89cd10_0;
    %load/vec4 v0x559e7b89cbd0_0;
    %and;
    %flag_set/vec4 8;
    %jmp/0xz  T_12.7, 8;
    %pushi/vec4 1, 0, 2;
    %assign/vec4 v0x559e7b89ce50_0, 0;
T_12.7 ;
    %jmp T_12.6;
T_12.3 ;
    %pushi/vec4 2, 0, 2;
    %assign/vec4 v0x559e7b89ce50_0, 0;
    %jmp T_12.6;
T_12.4 ;
    %load/vec4 v0x559e7b89cbd0_0;
    %load/vec4 v0x559e7b89cd10_0;
    %nor/r;
    %and;
    %flag_set/vec4 8;
    %jmp/0xz  T_12.9, 8;
    %pushi/vec4 2, 0, 2;
    %assign/vec4 v0x559e7b89ce50_0, 0;
    %jmp T_12.10;
T_12.9 ;
    %load/vec4 v0x559e7b89cd10_0;
    %load/vec4 v0x559e7b89cbd0_0;
    %and;
    %flag_set/vec4 8;
    %jmp/0xz  T_12.11, 8;
    %pushi/vec4 1, 0, 2;
    %assign/vec4 v0x559e7b89ce50_0, 0;
    %jmp T_12.12;
T_12.11 ;
    %pushi/vec4 0, 0, 2;
    %assign/vec4 v0x559e7b89ce50_0, 0;
T_12.12 ;
T_12.10 ;
    %jmp T_12.6;
T_12.6 ;
    %pop/vec4 1;
T_12.1 ;
    %jmp T_12;
    .thread T_12;
    .scope S_0x559e7b865ec0;
T_13 ;
    %pushi/vec4 0, 0, 1;
    %store/vec4 v0x559e7b89d000_0, 0, 1;
T_13.0 ;
    %delay 5, 0;
    %load/vec4 v0x559e7b89d000_0;
    %inv;
    %store/vec4 v0x559e7b89d000_0, 0, 1;
    %jmp T_13.0;
    %end;
    .thread T_13;
    .scope S_0x559e7b865ec0;
T_14 ;
    %pushi/vec4 0, 0, 1;
    %store/vec4 v0x559e7b89d320_0, 0, 1;
    %pushi/vec4 0, 0, 1;
    %store/vec4 v0x559e7b89d250_0, 0, 1;
    %pushi/vec4 0, 0, 1;
    %store/vec4 v0x559e7b89d180_0, 0, 1;
    %pushi/vec4 0, 0, 11;
    %store/vec4 v0x559e7b89d3c0_0, 0, 11;
    %pushi/vec4 0, 0, 1;
    %store/vec4 v0x559e7b89d460_0, 0, 1;
    %delay 20, 0;
    %pushi/vec4 1, 0, 1;
    %store/vec4 v0x559e7b89d320_0, 0, 1;
    %delay 20, 0;
    %wait E_0x559e7b8444d0;
    %pushi/vec4 1, 0, 1;
    %store/vec4 v0x559e7b89d250_0, 0, 1;
    %pushi/vec4 1, 0, 1;
    %store/vec4 v0x559e7b89d180_0, 0, 1;
    %wait E_0x559e7b8444d0;
    %pushi/vec4 0, 0, 1;
    %store/vec4 v0x559e7b89d250_0, 0, 1;
    %delay 150, 0;
    %pushi/vec4 0, 0, 1;
    %store/vec4 v0x559e7b89d320_0, 0, 1;
    %delay 20, 0;
    %pushi/vec4 1, 0, 1;
    %store/vec4 v0x559e7b89d320_0, 0, 1;
    %delay 20, 0;
    %wait E_0x559e7b8444d0;
    %pushi/vec4 1, 0, 1;
    %store/vec4 v0x559e7b89d250_0, 0, 1;
    %pushi/vec4 1, 0, 1;
    %store/vec4 v0x559e7b89d180_0, 0, 1;
    %wait E_0x559e7b8444d0;
    %pushi/vec4 0, 0, 1;
    %store/vec4 v0x559e7b89d250_0, 0, 1;
    %delay 50, 0;
    %end;
    .thread T_14;
    .scope S_0x559e7b865ec0;
T_15 ;
    %wait E_0x559e7b8439e0;
    %load/vec4 v0x559e7b89d320_0;
    %nor/r;
    %flag_set/vec4 8;
    %jmp/0xz  T_15.0, 8;
    %pushi/vec4 0, 0, 1;
    %assign/vec4 v0x559e7b89d460_0, 0;
    %pushi/vec4 0, 0, 11;
    %assign/vec4 v0x559e7b89d3c0_0, 0;
    %pushi/vec4 0, 0, 11;
    %assign/vec4 v0x559e7b89d500_0, 0;
    %jmp T_15.1;
T_15.0 ;
    %load/vec4 v0x559e7b89d250_0;
    %pad/u 32;
    %pushi/vec4 1, 0, 32;
    %cmp/e;
    %flag_get/vec4 4;
    %load/vec4 v0x559e7b89d180_0;
    %pad/u 32;
    %pushi/vec4 1, 0, 32;
    %cmp/e;
    %flag_get/vec4 4;
    %and;
    %flag_set/vec4 8;
    %jmp/0xz  T_15.2, 8;
    %pushi/vec4 1755, 0, 11;
    %assign/vec4 v0x559e7b89d3c0_0, 0;
    %jmp T_15.3;
T_15.2 ;
    %load/vec4 v0x559e7b89d180_0;
    %pad/u 32;
    %cmpi/e 1, 0, 32;
    %jmp/0xz  T_15.4, 4;
    %fork t_3, S_0x559e7b86dcc0;
    %jmp t_2;
    .scope S_0x559e7b86dcc0;
t_3 ;
    %pushi/vec4 0, 0, 32;
    %store/vec4 v0x559e7b85ef10_0, 0, 32;
T_15.6 ;
    %load/vec4 v0x559e7b85ef10_0;
    %cmpi/s 11, 0, 32;
    %jmp/0xz T_15.7, 5;
    %pushi/vec4 1280, 0, 11;
    %load/vec4 v0x559e7b85ef10_0;
    %part/s 1;
    %pad/u 32;
    %cmpi/e 1, 0, 32;
    %jmp/0xz  T_15.8, 4;
    %load/vec4 v0x559e7b89d460_0;
    %load/vec4 v0x559e7b89d3c0_0;
    %load/vec4 v0x559e7b85ef10_0;
    %part/s 1;
    %xor;
    %assign/vec4 v0x559e7b89d460_0, 0;
T_15.8 ;
    %load/vec4 v0x559e7b85ef10_0;
    %addi 1, 0, 32;
    %cast2;
    %store/vec4 v0x559e7b85ef10_0, 0, 32;
    %jmp T_15.6;
T_15.7 ;
    %end;
    .scope S_0x559e7b865ec0;
t_2 %join;
    %load/vec4 v0x559e7b89d3c0_0;
    %parti/s 10, 0, 2;
    %load/vec4 v0x559e7b89d460_0;
    %concat/vec4; draw_concat_vec4
    %assign/vec4 v0x559e7b89d3c0_0, 0;
T_15.4 ;
T_15.3 ;
    %load/vec4 v0x559e7b89d3c0_0;
    %assign/vec4 v0x559e7b89d500_0, 0;
T_15.1 ;
    %jmp T_15;
    .thread T_15;
    .scope S_0x559e7b865ec0;
T_16 ;
    %wait E_0x559e7b8439e0;
    %load/vec4 v0x559e7b89d320_0;
    %nor/r;
    %flag_set/vec4 8;
    %jmp/0xz  T_16.0, 8;
    %vpi_call/w 2 100 "$display", "RESET!" {0 0 0};
    %jmp T_16.1;
T_16.0 ;
    %load/vec4 v0x559e7b89d180_0;
    %pad/u 32;
    %cmpi/e 1, 0, 32;
    %jmp/0xz  T_16.2, 4;
    %vpi_call/w 2 103 "$display", "Expected value = %b, Actual value = %b", &PV<v0x559e7b89d500_0, 10, 1>, v0x559e7b89d0c0_0 {0 0 0};
    %load/vec4 v0x559e7b89d500_0;
    %parti/s 1, 10, 5;
    %load/vec4 v0x559e7b89d0c0_0;
    %cmp/ne;
    %jmp/0xz  T_16.4, 4;
    %vpi_call/w 2 105 "$display", "Wrong LFSR data output value!!!" {0 0 0};
T_16.4 ;
T_16.2 ;
T_16.1 ;
    %jmp T_16;
    .thread T_16;
    .scope S_0x559e7b865ec0;
T_17 ;
    %delay 500, 0;
    %vpi_call/w 2 113 "$finish" {0 0 0};
    %end;
    .thread T_17;
    .scope S_0x559e7b865ec0;
T_18 ;
    %vpi_call/w 2 118 "$dumpfile", "waves.vcd" {0 0 0};
    %vpi_call/w 2 119 "$dumpvars", 32'sb00000000000000000000000000000000, S_0x559e7b865ec0 {0 0 0};
    %delay 1000, 0;
    %vpi_call/w 2 121 "$finish" {0 0 0};
    %end;
    .thread T_18;
# The file index is used to find the file name in the following table.
:file_names 5;
    "N/A";
    "<interactive>";
    "lfsr_tb.v";
    "../rtl/lfsr.v";
    "../rtl/lfsr_node.v";
